<?xml version="1.0" encoding="UTF-8"?>
<!-- Generated by org.testng.reporters.JUnitReportReporter -->
<testsuite skipped="0" hostname="DESKTOP-DE2ALEL" name="com.tutorialninja.testsuite.LapTopsAndNoteBooksTest" tests="2" failures="0" timestamp="2023-07-17T16:44:36 BST" time="39.744" errors="0">
  <testcase name="verifyThatUserPlaceOrderSuccessfully" time="23.442" classname="com.tutorialninja.testsuite.LapTopsAndNoteBooksTest"/>
  <system-out>
    <![CDATA[Click on currency tab[[ChromeDriver: chrome on WINDOWS (8426235398cfd7fb9c910e09a3d11c6a)] -> xpath: //span[contains(text(),'Currency')]]
Click on pound sterling[[ChromeDriver: chrome on WINDOWS (8426235398cfd7fb9c910e09a3d11c6a)] -> xpath: //button[contains(text(),'£Pound Sterling')]]
Mouse hover and click on Laptop and Notebooks[[ChromeDriver: chrome on WINDOWS (8426235398cfd7fb9c910e09a3d11c6a)] -> link text: Laptops & Notebooks]
Click on show all laptop and notebooks[[ChromeDriver: chrome on WINDOWS (8426235398cfd7fb9c910e09a3d11c6a)] -> link text: Show AllLaptops & Notebooks]
Product Sort by High low price[[ChromeDriver: chrome on WINDOWS (8426235398cfd7fb9c910e09a3d11c6a)] -> id: input-sort]
Click on Macbook[[ChromeDriver: chrome on WINDOWS (8426235398cfd7fb9c910e09a3d11c6a)] -> link text: MacBook]
Get Text MacBook[[ChromeDriver: chrome on WINDOWS (8426235398cfd7fb9c910e09a3d11c6a)] -> xpath: //h1[contains(text(),'MacBook')]]
Click on add to cart[[ChromeDriver: chrome on WINDOWS (8426235398cfd7fb9c910e09a3d11c6a)] -> xpath: //button[@id='button-cart']]
Get Text Success[[ChromeDriver: chrome on WINDOWS (8426235398cfd7fb9c910e09a3d11c6a)] -> xpath: //div[@class='alert alert-success alert-dismissible']]
Click on shopping cart[[ChromeDriver: chrome on WINDOWS (8426235398cfd7fb9c910e09a3d11c6a)] -> xpath: //a[contains(text(),'shopping cart')]]
Get text shopping cart[[ChromeDriver: chrome on WINDOWS (8426235398cfd7fb9c910e09a3d11c6a)] -> xpath: //div[@id='content']//h1]
Get Text MacBook[[ChromeDriver: chrome on WINDOWS (8426235398cfd7fb9c910e09a3d11c6a)] -> xpath: //div[@class = 'table-responsive']/table/tbody/tr/td[2]/a]
Change the Qty[[ChromeDriver: chrome on WINDOWS (8426235398cfd7fb9c910e09a3d11c6a)] -> xpath: //input[contains(@name, 'quantity')]]
Click on update tab[[ChromeDriver: chrome on WINDOWS (8426235398cfd7fb9c910e09a3d11c6a)] -> xpath: //button[contains(@data-original-title, 'Update')]]
Get Text modified success[[ChromeDriver: chrome on WINDOWS (8426235398cfd7fb9c910e09a3d11c6a)] -> xpath: //div[@id='checkout-cart']/div[1]]
Get Text Total amount[[ChromeDriver: chrome on WINDOWS (8426235398cfd7fb9c910e09a3d11c6a)] -> xpath: //div[@class = 'table-responsive']/table/tbody/tr/td[6]]
Click on checkout[[ChromeDriver: chrome on WINDOWS (8426235398cfd7fb9c910e09a3d11c6a)] -> xpath: //a[contains(text(),'Checkout')]]
Get Text Check Out[[ChromeDriver: chrome on WINDOWS (8426235398cfd7fb9c910e09a3d11c6a)] -> xpath: //h1[contains(text(),'Checkout')]]
Get Text New customer[[ChromeDriver: chrome on WINDOWS (8426235398cfd7fb9c910e09a3d11c6a)] -> xpath: //h2[contains(text(),'New Customer')]]
Click on guest checkout button[[ChromeDriver: chrome on WINDOWS (8426235398cfd7fb9c910e09a3d11c6a)] -> xpath: //input[@value='guest']]
Click on Continue button[[ChromeDriver: chrome on WINDOWS (8426235398cfd7fb9c910e09a3d11c6a)] -> xpath: //input[@id='button-account']]
Enter first name[[ChromeDriver: chrome on WINDOWS (8426235398cfd7fb9c910e09a3d11c6a)] -> xpath: //input[@id='input-payment-firstname']]
Enter last name[[ChromeDriver: chrome on WINDOWS (8426235398cfd7fb9c910e09a3d11c6a)] -> xpath: //input[@id='input-payment-lastname']]
Enter email[[ChromeDriver: chrome on WINDOWS (8426235398cfd7fb9c910e09a3d11c6a)] -> xpath: //input[@id='input-payment-email']]
Enter Telephone[[ChromeDriver: chrome on WINDOWS (8426235398cfd7fb9c910e09a3d11c6a)] -> xpath: //input[@id='input-payment-telephone']]
Enter Address[[ChromeDriver: chrome on WINDOWS (8426235398cfd7fb9c910e09a3d11c6a)] -> xpath: //input[@id='input-payment-address-1']]
Enter City[[ChromeDriver: chrome on WINDOWS (8426235398cfd7fb9c910e09a3d11c6a)] -> xpath: //input[@id='input-payment-city']]
Enter postcode[[ChromeDriver: chrome on WINDOWS (8426235398cfd7fb9c910e09a3d11c6a)] -> xpath: //input[@id='input-payment-postcode']]
Enter Country[[ChromeDriver: chrome on WINDOWS (8426235398cfd7fb9c910e09a3d11c6a)] -> xpath: //select[@id='input-payment-country']]
Enter State[[ChromeDriver: chrome on WINDOWS (8426235398cfd7fb9c910e09a3d11c6a)] -> xpath: //select[@id='input-payment-zone']]
Click on continue button[[ChromeDriver: chrome on WINDOWS (8426235398cfd7fb9c910e09a3d11c6a)] -> xpath: //input[@id='button-guest']]
Enter comment[[ChromeDriver: chrome on WINDOWS (8426235398cfd7fb9c910e09a3d11c6a)] -> tag name: textarea]
Check terms and condition[[ChromeDriver: chrome on WINDOWS (8426235398cfd7fb9c910e09a3d11c6a)] -> name: agree]
Click on continue button for payment[[ChromeDriver: chrome on WINDOWS (8426235398cfd7fb9c910e09a3d11c6a)] -> xpath: //input[@id='button-payment-method']]
Get Text for warning[[ChromeDriver: chrome on WINDOWS (8426235398cfd7fb9c910e09a3d11c6a)] -> xpath: //div[text()='Warning: Payment method required!']]]]>
  </system-out>
  <testcase name="verifyProductsPriceDisplayHighToLowSuccessfully" time="16.302" classname="com.tutorialninja.testsuite.LapTopsAndNoteBooksTest"/>
  <system-out>
    <![CDATA[Mouse hover and click on Laptop and Notebooks[[ChromeDriver: chrome on WINDOWS (db234d5ac44edef1e25d47867a75844d)] -> link text: Laptops & Notebooks]
Click on show all laptop and notebooks[[ChromeDriver: chrome on WINDOWS (db234d5ac44edef1e25d47867a75844d)] -> link text: Show AllLaptops & Notebooks]
Original product list[[[ChromeDriver: chrome on WINDOWS (db234d5ac44edef1e25d47867a75844d)] -> xpath: //p[@class ='price']], [[ChromeDriver: chrome on WINDOWS (db234d5ac44edef1e25d47867a75844d)] -> xpath: //p[@class ='price']], [[ChromeDriver: chrome on WINDOWS (db234d5ac44edef1e25d47867a75844d)] -> xpath: //p[@class ='price']], [[ChromeDriver: chrome on WINDOWS (db234d5ac44edef1e25d47867a75844d)] -> xpath: //p[@class ='price']], [[ChromeDriver: chrome on WINDOWS (db234d5ac44edef1e25d47867a75844d)] -> xpath: //p[@class ='price']]]
Product Sort by High low price[[ChromeDriver: chrome on WINDOWS (db234d5ac44edef1e25d47867a75844d)] -> id: input-sort]
After sort by price[[[ChromeDriver: chrome on WINDOWS (db234d5ac44edef1e25d47867a75844d)] -> xpath: //p[@class ='price']], [[ChromeDriver: chrome on WINDOWS (db234d5ac44edef1e25d47867a75844d)] -> xpath: //p[@class ='price']], [[ChromeDriver: chrome on WINDOWS (db234d5ac44edef1e25d47867a75844d)] -> xpath: //p[@class ='price']], [[ChromeDriver: chrome on WINDOWS (db234d5ac44edef1e25d47867a75844d)] -> xpath: //p[@class ='price']], [[ChromeDriver: chrome on WINDOWS (db234d5ac44edef1e25d47867a75844d)] -> xpath: //p[@class ='price']]]]]>
  </system-out>
</testsuite> <!-- com.tutorialninja.testsuite.LapTopsAndNoteBooksTest -->
